# JRE version: Java(TM) SE Runtime Environment (21.0.1+12) (build 21.0.1+12-LTS-29)
# Java VM: Java HotSpot(TM) 64-Bit Server VM (21.0.1+12-LTS-29, mixed mode, emulated-client, sharing, tiered, compressed oops, compressed class ptrs, g1 gc, windows-amd64)
GC Precious Log:
 CardTable entry size: 512
 Card Set container configuration: InlinePtr #cards 4 size 8 Array Of Cards #cards 32 size 80 Howl #buckets 8 coarsen threshold 7372 Howl Bitmap #cards 1024 size 144 coarsen threshold 921 Card regions per heap region 1 cards per card region 8192
 CPUs: 16 total, 16 available
 Memory: 32512M
 Large Page Support: Disabled
 NUMA Support: Disabled
 Compressed Oops: Enabled (Zero based)
 Heap Region Size: 4M
 Heap Min Capacity: 8M
 Heap Initial Capacity: 512M
 Heap Max Capacity: 8132M
 Pre-touch: Disabled
 Parallel Workers: 13
 Concurrent Workers: 3
 Concurrent Refinement Workers: 13
 Periodic GC: Disabled
Heap:
 garbage-first heap   total 180224K, used 147765K [0x0000000603c00000, 0x0000000800000000)
  region size 4096K, 23 young (94208K), 1 survivors (4096K)
 Metaspace       used 89558K, committed 90560K, reserved 1179648K
  class space    used 12567K, committed 12992K, reserved 1048576K
GC Heap History (20 events):
Event: 1625.267 GC heap after
{Heap after GC invocations=175 (full 4):
 garbage-first heap   total 180224K, used 62415K [0x0000000603c00000, 0x0000000800000000)
  region size 4096K, 2 young (8192K), 2 survivors (8192K)
 Metaspace       used 89616K, committed 90560K, reserved 1179648K
  class space    used 12589K, committed 12992K, reserved 1048576K
}
Event: 1643.282 GC heap before
{Heap before GC invocations=175 (full 4):
 garbage-first heap   total 180224K, used 152527K [0x0000000603c00000, 0x0000000800000000)
  region size 4096K, 24 young (98304K), 2 survivors (8192K)
 Metaspace       used 89616K, committed 90560K, reserved 1179648K
  class space    used 12589K, committed 12992K, reserved 1048576K
}
Event: 1643.285 GC heap after
{Heap after GC invocations=176 (full 4):
 garbage-first heap   total 180224K, used 60732K [0x0000000603c00000, 0x0000000800000000)
  region size 4096K, 1 young (4096K), 1 survivors (4096K)
 Metaspace       used 89616K, committed 90560K, reserved 1179648K
  class space    used 12589K, committed 12992K, reserved 1048576K
}
Event: 1662.906 GC heap before
{Heap before GC invocations=177 (full 4):
 garbage-first heap   total 180224K, used 159036K [0x0000000603c00000, 0x0000000800000000)
  region size 4096K, 25 young (102400K), 1 survivors (4096K)
 Metaspace       used 89422K, committed 90560K, reserved 1179648K
  class space    used 12545K, committed 12992K, reserved 1048576K
}
Event: 1662.910 GC heap after
{Heap after GC invocations=178 (full 4):
 garbage-first heap   total 180224K, used 61900K [0x0000000603c00000, 0x0000000800000000)
  region size 4096K, 2 young (8192K), 2 survivors (8192K)
 Metaspace       used 89422K, committed 90560K, reserved 1179648K
  class space    used 12545K, committed 12992K, reserved 1048576K
}
Event: 1681.169 GC heap before
{Heap before GC invocations=178 (full 4):
 garbage-first heap   total 180224K, used 152012K [0x0000000603c00000, 0x0000000800000000)
  region size 4096K, 24 young (98304K), 2 survivors (8192K)
 Metaspace       used 89422K, committed 90560K, reserved 1179648K
  class space    used 12545K, committed 12992K, reserved 1048576K
}
Event: 1681.172 GC heap after
{Heap after GC invocations=179 (full 4):
 garbage-first heap   total 180224K, used 59035K [0x0000000603c00000, 0x0000000800000000)
  region size 4096K, 1 young (4096K), 1 survivors (4096K)
 Metaspace       used 89422K, committed 90560K, reserved 1179648K
  class space    used 12545K, committed 12992K, reserved 1048576K
}
Event: 1701.230 GC heap before
{Heap before GC invocations=179 (full 4):
 garbage-first heap   total 180224K, used 161435K [0x0000000603c00000, 0x0000000800000000)
  region size 4096K, 26 young (106496K), 1 survivors (4096K)
 Metaspace       used 89422K, committed 90560K, reserved 1179648K
  class space    used 12545K, committed 12992K, reserved 1048576K
}
Event: 1701.233 GC heap after
{Heap after GC invocations=180 (full 4):
 garbage-first heap   total 180224K, used 59302K [0x0000000603c00000, 0x0000000800000000)
  region size 4096K, 1 young (4096K), 1 survivors (4096K)
 Metaspace       used 89422K, committed 90560K, reserved 1179648K
  class space    used 12545K, committed 12992K, reserved 1048576K
}
Event: 1721.786 GC heap before
{Heap before GC invocations=181 (full 4):
 garbage-first heap   total 180224K, used 161702K [0x0000000603c00000, 0x0000000800000000)
  region size 4096K, 26 young (106496K), 1 survivors (4096K)
 Metaspace       used 89422K, committed 90560K, reserved 1179648K
  class space    used 12545K, committed 12992K, reserved 1048576K
}
Event: 1721.792 GC heap after
{Heap after GC invocations=182 (full 4):
 garbage-first heap   total 180224K, used 59515K [0x0000000603c00000, 0x0000000800000000)
  region size 4096K, 1 young (4096K), 1 survivors (4096K)
 Metaspace       used 89422K, committed 90560K, reserved 1179648K
  class space    used 12545K, committed 12992K, reserved 1048576K
}
Event: 1742.432 GC heap before
{Heap before GC invocations=182 (full 4):
 garbage-first heap   total 180224K, used 157819K [0x0000000603c00000, 0x0000000800000000)
  region size 4096K, 26 young (106496K), 1 survivors (4096K)
 Metaspace       used 89422K, committed 90560K, reserved 1179648K
  class space    used 12545K, committed 12992K, reserved 1048576K
}
Event: 1742.435 GC heap after
{Heap after GC invocations=183 (full 4):
 garbage-first heap   total 180224K, used 58907K [0x0000000603c00000, 0x0000000800000000)
  region size 4096K, 1 young (4096K), 1 survivors (4096K)
 Metaspace       used 89422K, committed 90560K, reserved 1179648K
  class space    used 12545K, committed 12992K, reserved 1048576K
}
Event: 1761.791 GC heap before
{Heap before GC invocations=183 (full 4):
 garbage-first heap   total 180224K, used 157211K [0x0000000603c00000, 0x0000000800000000)
  region size 4096K, 25 young (102400K), 1 survivors (4096K)
 Metaspace       used 89422K, committed 90560K, reserved 1179648K
  class space    used 12545K, committed 12992K, reserved 1048576K
}
Event: 1761.794 GC heap after
{Heap after GC invocations=184 (full 4):
 garbage-first heap   total 180224K, used 60351K [0x0000000603c00000, 0x0000000800000000)
  region size 4096K, 1 young (4096K), 1 survivors (4096K)
 Metaspace       used 89422K, committed 90560K, reserved 1179648K
  class space    used 12545K, committed 12992K, reserved 1048576K
}
Event: 1780.586 GC heap before
{Heap before GC invocations=185 (full 4):
 garbage-first heap   total 180224K, used 158655K [0x0000000603c00000, 0x0000000800000000)
  region size 4096K, 25 young (102400K), 1 survivors (4096K)
 Metaspace       used 89444K, committed 90560K, reserved 1179648K
  class space    used 12548K, committed 12992K, reserved 1048576K
}
Event: 1780.588 GC heap after
{Heap after GC invocations=186 (full 4):
 garbage-first heap   total 180224K, used 60900K [0x0000000603c00000, 0x0000000800000000)
  region size 4096K, 1 young (4096K), 1 survivors (4096K)
 Metaspace       used 89444K, committed 90560K, reserved 1179648K
  class space    used 12548K, committed 12992K, reserved 1048576K
}
Event: 1799.932 GC heap before
{Heap before GC invocations=186 (full 4):
 garbage-first heap   total 180224K, used 159204K [0x0000000603c00000, 0x0000000800000000)
  region size 4096K, 25 young (102400K), 1 survivors (4096K)
 Metaspace       used 89444K, committed 90560K, reserved 1179648K
  class space    used 12548K, committed 12992K, reserved 1048576K
}
Event: 1799.935 GC heap after
{Heap after GC invocations=187 (full 4):
 garbage-first heap   total 180224K, used 60213K [0x0000000603c00000, 0x0000000800000000)
  region size 4096K, 1 young (4096K), 1 survivors (4096K)
 Metaspace       used 89444K, committed 90560K, reserved 1179648K
  class space    used 12548K, committed 12992K, reserved 1048576K
}
Event: 1822.765 GC heap before
{Heap before GC invocations=187 (full 4):
 garbage-first heap   total 180224K, used 146229K [0x0000000603c00000, 0x0000000800000000)
  region size 4096K, 23 young (94208K), 1 survivors (4096K)
 Metaspace       used 89558K, committed 90560K, reserved 1179648K
  class space    used 12567K, committed 12992K, reserved 1048576K
}

