# JRE version: Java(TM) SE Runtime Environment (21.0.1+12) (build 21.0.1+12-LTS-29)
# Java VM: Java HotSpot(TM) 64-Bit Server VM (21.0.1+12-LTS-29, mixed mode, emulated-client, sharing, tiered, compressed oops, compressed class ptrs, g1 gc, windows-amd64)
GC Precious Log:
 CardTable entry size: 512
 Card Set container configuration: InlinePtr #cards 4 size 8 Array Of Cards #cards 32 size 80 Howl #buckets 8 coarsen threshold 7372 Howl Bitmap #cards 1024 size 144 coarsen threshold 921 Card regions per heap region 1 cards per card region 8192
 CPUs: 16 total, 16 available
 Memory: 32512M
 Large Page Support: Disabled
 NUMA Support: Disabled
 Compressed Oops: Enabled (Zero based)
 Heap Region Size: 4M
 Heap Min Capacity: 8M
 Heap Initial Capacity: 512M
 Heap Max Capacity: 8132M
 Pre-touch: Disabled
 Parallel Workers: 13
 Concurrent Workers: 3
 Concurrent Refinement Workers: 13
 Periodic GC: Disabled
Heap:
 garbage-first heap   total 192512K, used 166689K [0x0000000603c00000, 0x0000000800000000)
  region size 4096K, 29 young (118784K), 3 survivors (12288K)
 Metaspace       used 95376K, committed 96256K, reserved 1179648K
  class space    used 13211K, committed 13568K, reserved 1048576K
GC Heap History (20 events):
Event: 4817.785 GC heap after
{Heap after GC invocations=699 (full 3):
 garbage-first heap   total 192512K, used 68171K [0x0000000603c00000, 0x0000000800000000)
  region size 4096K, 3 young (12288K), 3 survivors (12288K)
 Metaspace       used 94381K, committed 95168K, reserved 1179648K
  class space    used 13095K, committed 13440K, reserved 1048576K
}
Event: 4825.195 GC heap before
{Heap before GC invocations=699 (full 3):
 garbage-first heap   total 192512K, used 162379K [0x0000000603c00000, 0x0000000800000000)
  region size 4096K, 26 young (106496K), 3 survivors (12288K)
 Metaspace       used 94381K, committed 95168K, reserved 1179648K
  class space    used 13095K, committed 13440K, reserved 1048576K
}
Event: 4825.202 GC heap after
{Heap after GC invocations=700 (full 3):
 garbage-first heap   total 192512K, used 68706K [0x0000000603c00000, 0x0000000800000000)
  region size 4096K, 1 young (4096K), 1 survivors (4096K)
 Metaspace       used 94381K, committed 95168K, reserved 1179648K
  class space    used 13095K, committed 13440K, reserved 1048576K
}
Event: 4831.988 GC heap before
{Heap before GC invocations=700 (full 3):
 garbage-first heap   total 192512K, used 175202K [0x0000000603c00000, 0x0000000800000000)
  region size 4096K, 27 young (110592K), 1 survivors (4096K)
 Metaspace       used 94381K, committed 95168K, reserved 1179648K
  class space    used 13095K, committed 13440K, reserved 1048576K
}
Event: 4831.989 GC heap after
{Heap after GC invocations=701 (full 3):
 garbage-first heap   total 192512K, used 67473K [0x0000000603c00000, 0x0000000800000000)
  region size 4096K, 1 young (4096K), 1 survivors (4096K)
 Metaspace       used 94381K, committed 95168K, reserved 1179648K
  class space    used 13095K, committed 13440K, reserved 1048576K
}
Event: 4839.875 GC heap before
{Heap before GC invocations=701 (full 3):
 garbage-first heap   total 192512K, used 173969K [0x0000000603c00000, 0x0000000800000000)
  region size 4096K, 27 young (110592K), 1 survivors (4096K)
 Metaspace       used 94416K, committed 95232K, reserved 1179648K
  class space    used 13095K, committed 13440K, reserved 1048576K
}
Event: 4839.879 GC heap after
{Heap after GC invocations=702 (full 3):
 garbage-first heap   total 192512K, used 74303K [0x0000000603c00000, 0x0000000800000000)
  region size 4096K, 3 young (12288K), 3 survivors (12288K)
 Metaspace       used 94416K, committed 95232K, reserved 1179648K
  class space    used 13095K, committed 13440K, reserved 1048576K
}
Event: 4839.914 GC heap before
{Heap before GC invocations=702 (full 3):
 garbage-first heap   total 192512K, used 74303K [0x0000000603c00000, 0x0000000800000000)
  region size 4096K, 4 young (16384K), 3 survivors (12288K)
 Metaspace       used 94455K, committed 95296K, reserved 1179648K
  class space    used 13102K, committed 13440K, reserved 1048576K
}
Event: 4840.007 GC heap after
{Heap after GC invocations=703 (full 4):
 garbage-first heap   total 192512K, used 47734K [0x0000000603c00000, 0x0000000800000000)
  region size 4096K, 0 young (0K), 0 survivors (0K)
 Metaspace       used 94407K, committed 95296K, reserved 1179648K
  class space    used 13089K, committed 13440K, reserved 1048576K
}
Event: 4840.030 GC heap before
{Heap before GC invocations=703 (full 4):
 garbage-first heap   total 192512K, used 51830K [0x0000000603c00000, 0x0000000800000000)
  region size 4096K, 2 young (8192K), 0 survivors (0K)
 Metaspace       used 94418K, committed 95296K, reserved 1179648K
  class space    used 13092K, committed 13440K, reserved 1048576K
}
Event: 4840.032 GC heap after
{Heap after GC invocations=704 (full 4):
 garbage-first heap   total 192512K, used 49240K [0x0000000603c00000, 0x0000000800000000)
  region size 4096K, 1 young (4096K), 1 survivors (4096K)
 Metaspace       used 94418K, committed 95296K, reserved 1179648K
  class space    used 13092K, committed 13440K, reserved 1048576K
}
Event: 4840.969 GC heap before
{Heap before GC invocations=705 (full 4):
 garbage-first heap   total 192512K, used 127064K [0x0000000603c00000, 0x0000000800000000)
  region size 4096K, 21 young (86016K), 1 survivors (4096K)
 Metaspace       used 94938K, committed 95872K, reserved 1179648K
  class space    used 13168K, committed 13568K, reserved 1048576K
}
Event: 4840.974 GC heap after
{Heap after GC invocations=706 (full 4):
 garbage-first heap   total 192512K, used 56763K [0x0000000603c00000, 0x0000000800000000)
  region size 4096K, 3 young (12288K), 3 survivors (12288K)
 Metaspace       used 94938K, committed 95872K, reserved 1179648K
  class space    used 13168K, committed 13568K, reserved 1048576K
}
Event: 4841.639 GC heap before
{Heap before GC invocations=707 (full 4):
 garbage-first heap   total 192512K, used 104993K [0x0000000603c00000, 0x0000000800000000)
  region size 4096K, 16 young (65536K), 3 survivors (12288K)
 Metaspace       used 95265K, committed 96128K, reserved 1179648K
  class space    used 13206K, committed 13568K, reserved 1048576K
}
Event: 4841.644 GC heap after
{Heap after GC invocations=708 (full 4):
 garbage-first heap   total 192512K, used 57788K [0x0000000603c00000, 0x0000000800000000)
  region size 4096K, 2 young (8192K), 2 survivors (8192K)
 Metaspace       used 95265K, committed 96128K, reserved 1179648K
  class space    used 13206K, committed 13568K, reserved 1048576K
}
Event: 4850.114 GC heap before
{Heap before GC invocations=709 (full 4):
 garbage-first heap   total 192512K, used 151996K [0x0000000603c00000, 0x0000000800000000)
  region size 4096K, 26 young (106496K), 2 survivors (8192K)
 Metaspace       used 95368K, committed 96256K, reserved 1179648K
  class space    used 13211K, committed 13568K, reserved 1048576K
}
Event: 4850.117 GC heap after
{Heap after GC invocations=710 (full 4):
 garbage-first heap   total 192512K, used 59972K [0x0000000603c00000, 0x0000000800000000)
  region size 4096K, 2 young (8192K), 2 survivors (8192K)
 Metaspace       used 95368K, committed 96256K, reserved 1179648K
  class space    used 13211K, committed 13568K, reserved 1048576K
}
Event: 4859.881 GC heap before
{Heap before GC invocations=710 (full 4):
 garbage-first heap   total 192512K, used 158276K [0x0000000603c00000, 0x0000000800000000)
  region size 4096K, 26 young (106496K), 2 survivors (8192K)
 Metaspace       used 95368K, committed 96256K, reserved 1179648K
  class space    used 13211K, committed 13568K, reserved 1048576K
}
Event: 4859.885 GC heap after
{Heap after GC invocations=711 (full 4):
 garbage-first heap   total 192512K, used 60193K [0x0000000603c00000, 0x0000000800000000)
  region size 4096K, 2 young (8192K), 2 survivors (8192K)
 Metaspace       used 95368K, committed 96256K, reserved 1179648K
  class space    used 13211K, committed 13568K, reserved 1048576K
}
Event: 4870.505 GC heap before
{Heap before GC invocations=711 (full 4):
 garbage-first heap   total 192512K, used 166689K [0x0000000603c00000, 0x0000000800000000)
  region size 4096K, 28 young (114688K), 2 survivors (8192K)
 Metaspace       used 95376K, committed 96256K, reserved 1179648K
  class space    used 13211K, committed 13568K, reserved 1048576K
}

